Removed Pin From Net: NetName=NetD3_1 Pin=D3-1
Removed Pin From Net: NetName=GND Pin=D3-2
Removed Pin From Net: NetName=NetD4_1 Pin=D4-1
Removed Pin From Net: NetName=GND Pin=D4-2
Removed Pin From Net: NetName=NetD5_1 Pin=D5-1
Removed Pin From Net: NetName=GND Pin=D5-2
Removed Pin From Net: NetName=5V Pin=Q1-1
Removed Pin From Net: NetName=NetQ1_3 Pin=Q1-3
Removed Pin From Net: NetName=5V Pin=Q2-1
Removed Pin From Net: NetName=NetQ2_3 Pin=Q2-3
Removed Pin From Net: NetName=5V Pin=Q3-1
Removed Pin From Net: NetName=NetQ3_3 Pin=Q3-3
Removed Pin From Net: NetName=NetD3_1 Pin=R14-1
Removed Pin From Net: NetName=NetQ1_3 Pin=R14-2
Removed Pin From Net: NetName=NetD4_1 Pin=R15-1
Removed Pin From Net: NetName=NetQ2_3 Pin=R15-2
Removed Pin From Net: NetName=NetD5_1 Pin=R16-1
Removed Pin From Net: NetName=NetQ3_3 Pin=R16-2
Removed Member From Class: ClassName=BikerBlinker Member=D3
Removed Member From Class: ClassName=BikerBlinker Member=D4
Removed Member From Class: ClassName=BikerBlinker Member=D5
Added Component: Designator=J4(JST_B2B-PH-K-S(LF)(SN))
Add component (AddParameter): Name = "Availability"; Value = "Unavailable"; VariantName = "[No Variations]"
Add component (AddParameter): Name = "MF"; Value = "JST Sales"; VariantName = "[No Variations]"
Add component (AddParameter): Name = "MP"; Value = "B2B-PH-K-S_LF__SN_"; VariantName = "[No Variations]"
Add component (AddParameter): Name = "Package"; Value = "None"; VariantName = "[No Variations]"
Add component (AddParameter): Name = "Price"; Value = "None"; VariantName = "[No Variations]"
Add component (AddParameter): Name = "SnapEDA_Link"; Value = "https://www.snapeda.com/parts/B2B-PH-K-S%28LF%29%28SN%29/JST%20Sales%20America%20Inc./view-part/424103/?ref=snap"; VariantName = "[No Variations]"
Add component (AddParameter): Name = "Value"; Value = ""; VariantName = "[No Variations]"
Added Component: Designator=J5(JST_B2B-PH-K-S(LF)(SN))
Add component (AddParameter): Name = "Availability"; Value = "Unavailable"; VariantName = "[No Variations]"
Add component (AddParameter): Name = "MF"; Value = "JST Sales"; VariantName = "[No Variations]"
Add component (AddParameter): Name = "MP"; Value = "B2B-PH-K-S_LF__SN_"; VariantName = "[No Variations]"
Add component (AddParameter): Name = "Package"; Value = "None"; VariantName = "[No Variations]"
Add component (AddParameter): Name = "Price"; Value = "None"; VariantName = "[No Variations]"
Add component (AddParameter): Name = "SnapEDA_Link"; Value = "https://www.snapeda.com/parts/B2B-PH-K-S%28LF%29%28SN%29/JST%20Sales%20America%20Inc./view-part/424103/?ref=snap"; VariantName = "[No Variations]"
Add component (AddParameter): Name = "Value"; Value = ""; VariantName = "[No Variations]"
Added Component: Designator=J6(JST_B2B-PH-K-S(LF)(SN))
Add component (AddParameter): Name = "Availability"; Value = "Unavailable"; VariantName = "[No Variations]"
Add component (AddParameter): Name = "MF"; Value = "JST Sales"; VariantName = "[No Variations]"
Add component (AddParameter): Name = "MP"; Value = "B2B-PH-K-S_LF__SN_"; VariantName = "[No Variations]"
Add component (AddParameter): Name = "Package"; Value = "None"; VariantName = "[No Variations]"
Add component (AddParameter): Name = "Price"; Value = "None"; VariantName = "[No Variations]"
Add component (AddParameter): Name = "SnapEDA_Link"; Value = "https://www.snapeda.com/parts/B2B-PH-K-S%28LF%29%28SN%29/JST%20Sales%20America%20Inc./view-part/424103/?ref=snap"; VariantName = "[No Variations]"
Add component (AddParameter): Name = "Value"; Value = ""; VariantName = "[No Variations]"
Added Pin To Net: NetName=NetQ3_3 Pin=J4-1
Added Pin To Net: NetName=NetQ2_3 Pin=J4-2
Added Pin To Net: NetName=NetQ1_3 Pin=J5-1
Added Pin To Net: NetName=NetD5_1 Pin=J5-2
Added Pin To Net: NetName=NetD4_1 Pin=J6-1
Added Pin To Net: NetName=NetD3_1 Pin=J6-2
Added Pin To Net: NetName=NetQ2_3 Pin=Q1-1
Added Pin To Net: NetName=GND Pin=Q1-3
Added Pin To Net: NetName=NetD5_1 Pin=Q2-1
Added Pin To Net: NetName=GND Pin=Q2-3
Added Pin To Net: NetName=NetD3_1 Pin=Q3-1
Added Pin To Net: NetName=GND Pin=Q3-3
Added Pin To Net: NetName=NetQ3_3 Pin=R14-1
Added Pin To Net: NetName=5V Pin=R14-2
Added Pin To Net: NetName=NetQ1_3 Pin=R15-1
Added Pin To Net: NetName=5V Pin=R15-2
Added Pin To Net: NetName=NetD4_1 Pin=R16-1
Added Pin To Net: NetName=5V Pin=R16-2
Change Net Name : Old Net Name=NetD3_1 New Net Name=NetJ6_2
Change Net Name : Old Net Name=NetD4_1 New Net Name=NetJ6_1
Change Net Name : Old Net Name=NetD5_1 New Net Name=NetJ5_2
Change Net Name : Old Net Name=NetQ1_3 New Net Name=NetJ5_1
Change Net Name : Old Net Name=NetQ2_3 New Net Name=NetJ4_2
Change Net Name : Old Net Name=NetQ3_3 New Net Name=NetJ4_1
Added Member To Class: ClassName=BikerBlinker Member=Component J4 Yellow
Added Member To Class: ClassName=BikerBlinker Member=Component J5 Red
Added Member To Class: ClassName=BikerBlinker Member=Component J6 Yellow
